<?xml version="1.0" encoding="UTF-8"?>
<testsuite xmlns:xsi="http://www.w3.org/2001/XMLSchema-instance" xsi:noNamespaceSchemaLocation="https://maven.apache.org/surefire/maven-surefire-plugin/xsd/surefire-test-report.xsd" version="3.0.1" name="com.example.AppTest" time="0.017" tests="1" errors="0" skipped="0" failures="0">
  <properties>
    <property name="java.specification.version" value="24"/>
    <property name="sun.jnu.encoding" value="UTF-8"/>
    <property name="java.class.path" value="/Users/rachidatanassat/Documents/AnwarDemo/demo/target/test-classes:/Users/rachidatanassat/Documents/AnwarDemo/demo/target/classes:/Users/rachidatanassat/.m2/repository/org/junit/jupiter/junit-jupiter-api/5.11.0/junit-jupiter-api-5.11.0.jar:/Users/rachidatanassat/.m2/repository/org/opentest4j/opentest4j/1.3.0/opentest4j-1.3.0.jar:/Users/rachidatanassat/.m2/repository/org/junit/platform/junit-platform-commons/1.11.0/junit-platform-commons-1.11.0.jar:/Users/rachidatanassat/.m2/repository/org/apiguardian/apiguardian-api/1.1.2/apiguardian-api-1.1.2.jar:/Users/rachidatanassat/.m2/repository/org/junit/jupiter/junit-jupiter-params/5.11.0/junit-jupiter-params-5.11.0.jar:/Users/rachidatanassat/.m2/repository/org/graalvm/polyglot/polyglot/24.2.1/polyglot-24.2.1.jar:/Users/rachidatanassat/.m2/repository/org/graalvm/sdk/collections/24.2.1/collections-24.2.1.jar:/Users/rachidatanassat/.m2/repository/org/graalvm/sdk/nativeimage/24.2.1/nativeimage-24.2.1.jar:/Users/rachidatanassat/.m2/repository/org/graalvm/sdk/word/24.2.1/word-24.2.1.jar:/Users/rachidatanassat/.m2/repository/org/graalvm/wasm/wasm-language/24.2.1/wasm-language-24.2.1.jar:/Users/rachidatanassat/.m2/repository/org/graalvm/truffle/truffle-api/24.2.1/truffle-api-24.2.1.jar:/Users/rachidatanassat/.m2/repository/org/graalvm/truffle/truffle-runtime/24.2.1/truffle-runtime-24.2.1.jar:/Users/rachidatanassat/.m2/repository/org/graalvm/truffle/truffle-enterprise/24.2.1/truffle-enterprise-24.2.1.jar:/Users/rachidatanassat/.m2/repository/org/graalvm/truffle/truffle-compiler/24.2.1/truffle-compiler-24.2.1.jar:/Users/rachidatanassat/.m2/repository/org/graalvm/sdk/jniutils/24.2.1/jniutils-24.2.1.jar:/Users/rachidatanassat/.m2/repository/org/graalvm/sdk/nativebridge/24.2.1/nativebridge-24.2.1.jar:"/>
    <property name="java.vm.vendor" value="Oracle Corporation"/>
    <property name="sun.arch.data.model" value="64"/>
    <property name="java.vendor.url" value="https://java.oracle.com/"/>
    <property name="os.name" value="Mac OS X"/>
    <property name="java.vm.specification.version" value="24"/>
    <property name="sun.java.launcher" value="SUN_STANDARD"/>
    <property name="user.country" value="MA"/>
    <property name="sun.boot.library.path" value="/Users/rachidatanassat/.sdkman/candidates/java/24.0.1-graal/lib"/>
    <property name="sun.java.command" value="/Users/rachidatanassat/Documents/AnwarDemo/demo/target/surefire/surefirebooter-20250725155616137_3.jar /Users/rachidatanassat/Documents/AnwarDemo/demo/target/surefire 2025-07-25T15-56-16_099-jvmRun1 surefire-20250725155616137_1tmp surefire_0-20250725155616137_2tmp"/>
    <property name="jdk.debug" value="release"/>
    <property name="surefire.test.class.path" value="/Users/rachidatanassat/Documents/AnwarDemo/demo/target/test-classes:/Users/rachidatanassat/Documents/AnwarDemo/demo/target/classes:/Users/rachidatanassat/.m2/repository/org/junit/jupiter/junit-jupiter-api/5.11.0/junit-jupiter-api-5.11.0.jar:/Users/rachidatanassat/.m2/repository/org/opentest4j/opentest4j/1.3.0/opentest4j-1.3.0.jar:/Users/rachidatanassat/.m2/repository/org/junit/platform/junit-platform-commons/1.11.0/junit-platform-commons-1.11.0.jar:/Users/rachidatanassat/.m2/repository/org/apiguardian/apiguardian-api/1.1.2/apiguardian-api-1.1.2.jar:/Users/rachidatanassat/.m2/repository/org/junit/jupiter/junit-jupiter-params/5.11.0/junit-jupiter-params-5.11.0.jar:/Users/rachidatanassat/.m2/repository/org/graalvm/polyglot/polyglot/24.2.1/polyglot-24.2.1.jar:/Users/rachidatanassat/.m2/repository/org/graalvm/sdk/collections/24.2.1/collections-24.2.1.jar:/Users/rachidatanassat/.m2/repository/org/graalvm/sdk/nativeimage/24.2.1/nativeimage-24.2.1.jar:/Users/rachidatanassat/.m2/repository/org/graalvm/sdk/word/24.2.1/word-24.2.1.jar:/Users/rachidatanassat/.m2/repository/org/graalvm/wasm/wasm-language/24.2.1/wasm-language-24.2.1.jar:/Users/rachidatanassat/.m2/repository/org/graalvm/truffle/truffle-api/24.2.1/truffle-api-24.2.1.jar:/Users/rachidatanassat/.m2/repository/org/graalvm/truffle/truffle-runtime/24.2.1/truffle-runtime-24.2.1.jar:/Users/rachidatanassat/.m2/repository/org/graalvm/truffle/truffle-enterprise/24.2.1/truffle-enterprise-24.2.1.jar:/Users/rachidatanassat/.m2/repository/org/graalvm/truffle/truffle-compiler/24.2.1/truffle-compiler-24.2.1.jar:/Users/rachidatanassat/.m2/repository/org/graalvm/sdk/jniutils/24.2.1/jniutils-24.2.1.jar:/Users/rachidatanassat/.m2/repository/org/graalvm/sdk/nativebridge/24.2.1/nativebridge-24.2.1.jar:"/>
    <property name="sun.cpu.endian" value="little"/>
    <property name="user.home" value="/Users/rachidatanassat"/>
    <property name="user.language" value="en"/>
    <property name="java.specification.vendor" value="Oracle Corporation"/>
    <property name="java.version.date" value="2025-04-15"/>
    <property name="java.home" value="/Users/rachidatanassat/.sdkman/candidates/java/24.0.1-graal"/>
    <property name="file.separator" value="/"/>
    <property name="basedir" value="/Users/rachidatanassat/Documents/AnwarDemo/demo"/>
    <property name="java.vm.compressedOopsMode" value="Zero based"/>
    <property name="jdk.internal.vm.ci.enabled" value="true"/>
    <property name="line.separator" value="&#10;"/>
    <property name="java.vm.specification.vendor" value="Oracle Corporation"/>
    <property name="java.specification.name" value="Java Platform API Specification"/>
    <property name="apple.awt.application.name" value="ForkedBooter"/>
    <property name="surefire.real.class.path" value="/Users/rachidatanassat/Documents/AnwarDemo/demo/target/surefire/surefirebooter-20250725155616137_3.jar"/>
    <property name="sun.management.compiler" value="HotSpot 64-Bit Tiered Compilers"/>
    <property name="java.runtime.version" value="24.0.1+9-jvmci-b01"/>
    <property name="user.name" value="rachidatanassat"/>
    <property name="stdout.encoding" value="UTF-8"/>
    <property name="path.separator" value=":"/>
    <property name="os.version" value="15.5"/>
    <property name="java.runtime.name" value="Java(TM) SE Runtime Environment"/>
    <property name="file.encoding" value="UTF-8"/>
    <property name="java.vm.name" value="Java HotSpot(TM) 64-Bit Server VM"/>
    <property name="java.vendor.version" value="Oracle GraalVM 24.0.1+9.1"/>
    <property name="localRepository" value="/Users/rachidatanassat/.m2/repository"/>
    <property name="java.vendor.url.bug" value="https://bugreport.java.com/bugreport/"/>
    <property name="java.io.tmpdir" value="/var/folders/8l/62t4h9jj5vj2v_pjs4hc3qg40000gp/T/"/>
    <property name="java.version" value="24.0.1"/>
    <property name="user.dir" value="/Users/rachidatanassat/Documents/AnwarDemo/demo"/>
    <property name="os.arch" value="aarch64"/>
    <property name="java.vm.specification.name" value="Java Virtual Machine Specification"/>
    <property name="native.encoding" value="UTF-8"/>
    <property name="java.library.path" value="/Users/rachidatanassat/Library/Java/Extensions:/Library/Java/Extensions:/Network/Library/Java/Extensions:/System/Library/Java/Extensions:/usr/lib/java:."/>
    <property name="java.vm.info" value="mixed mode, sharing"/>
    <property name="stderr.encoding" value="UTF-8"/>
    <property name="java.vendor" value="Oracle Corporation"/>
    <property name="java.vm.version" value="24.0.1+9-jvmci-b01"/>
    <property name="sun.io.unicode.encoding" value="UnicodeBig"/>
    <property name="java.class.version" value="68.0"/>
  </properties>
  <testcase name="shouldAnswerWithTrue" classname="com.example.AppTest" time="0.009"/>
</testsuite>